[0.274s] Invoking command in '/home/dev/gazebo-tutorials/gazebo-drone-ros/build/box_camera': AMENT_PREFIX_PATH=/home/dev/gazebo-tutorials/gazebo-drone-ros/install/cam_interface:${AMENT_PREFIX_PATH} CMAKE_PREFIX_PATH=/home/dev/gazebo-tutorials/gazebo-drone-ros/install/cam_interface:/opt/ros/humble LD_LIBRARY_PATH=/home/dev/gazebo-tutorials/gazebo-drone-ros/install/cam_interface/lib:${LD_LIBRARY_PATH} PYTHONPATH=/home/dev/gazebo-tutorials/gazebo-drone-ros/install/cam_interface/local/lib/python3.10/dist-packages:${PYTHONPATH} /usr/bin/cmake --build /home/dev/gazebo-tutorials/gazebo-drone-ros/build/box_camera -- -j4 -l4
[0.399s] [35m[1mConsolidate compiler generated dependencies of target box_camera_plugin[0m
[0.515s] [ 50%] [32mBuilding CXX object CMakeFiles/box_camera_plugin.dir/src/boxCameraPlugin.cpp.o[0m
[18.319s] [01m[K/home/dev/gazebo-tutorials/gazebo-drone-ros/src/box_camera/src/boxCameraPlugin.cpp:18:13:[m[K [01;31m[Kerror: [m[Kâ€˜[01m[Kcam_publisher[m[Kâ€™ does not name a type; did you mean â€˜[01m[Krmw_publisher_t[m[Kâ€™?
[18.319s]    18 |             [01;31m[Kcam_publisher[m[K = this->create_publisher<OffboardControlMode>("/sai_custom_plugin/data", 10);
[18.319s]       |             [01;31m[K^~~~~~~~~~~~~[m[K
[18.319s]       |             [32m[Krmw_publisher_t[m[K
[18.325s] [01m[K/home/dev/gazebo-tutorials/gazebo-drone-ros/src/box_camera/src/boxCameraPlugin.cpp:29:31:[m[K [01;31m[Kerror: [m[Kâ€˜[01m[KPixel[m[Kâ€™ was not declared in this scope; did you mean â€˜[01m[Kcam_interface::msg::Pixel[m[Kâ€™?
[18.325s]    29 |             rclcpp::Publisher<[01;31m[KPixel[m[K>::SharedPtr cam_publisher;
[18.325s]       |                               [01;31m[K^~~~~[m[K
[18.325s]       |                               [32m[Kcam_interface::msg::Pixel[m[K
[18.325s] In file included from [01m[K/home/dev/gazebo-tutorials/gazebo-drone-ros/install/cam_interface/include/cam_interface/cam_interface/msg/pixel.hpp:7[m[K,
[18.325s]                  from [01m[K/home/dev/gazebo-tutorials/gazebo-drone-ros/src/box_camera/src/boxCameraPlugin.cpp:8[m[K:
[18.325s] [01m[K/home/dev/gazebo-tutorials/gazebo-drone-ros/install/cam_interface/include/cam_interface/cam_interface/msg/detail/pixel__struct.hpp:137:7:[m[K [01;36m[Knote: [m[Kâ€˜[01m[Kcam_interface::msg::Pixel[m[Kâ€™ declared here
[18.325s]   137 | using [01;36m[KPixel[m[K =
[18.325s]       |       [01;36m[K^~~~~[m[K
[18.325s] [01m[K/home/dev/gazebo-tutorials/gazebo-drone-ros/src/box_camera/src/boxCameraPlugin.cpp:29:36:[m[K [01;31m[Kerror: [m[Ktemplate argument 1 is invalid
[18.326s]    29 |             rclcpp::Publisher<Pixel[01;31m[K>[m[K::SharedPtr cam_publisher;
[18.326s]       |                                    [01;31m[K^[m[K
[18.326s] [01m[K/home/dev/gazebo-tutorials/gazebo-drone-ros/src/box_camera/src/boxCameraPlugin.cpp:29:39:[m[K [01;31m[Kerror: [m[Kexpected â€˜[01m[K;[m[Kâ€™ at end of member declaration
[18.326s]    29 |             rclcpp::Publisher<Pixel>::[01;31m[KSharedPtr[m[K cam_publisher;
[18.326s]       |                                       [01;31m[K^~~~~~~~~[m[K
[18.326s]       |                                                [32m[K;[m[K
[18.335s] [01m[K/home/dev/gazebo-tutorials/gazebo-drone-ros/src/box_camera/src/boxCameraPlugin.cpp:29:49:[m[K [01;31m[Kerror: [m[Kâ€˜[01m[Kcam_publisher[m[Kâ€™ does not name a type; did you mean â€˜[01m[Krmw_publisher_t[m[Kâ€™?
[18.335s]    29 |             rclcpp::Publisher<Pixel>::SharedPtr [01;31m[Kcam_publisher[m[K;
[18.335s]       |                                                 [01;31m[K^~~~~~~~~~~~~[m[K
[18.335s]       |                                                 [32m[Krmw_publisher_t[m[K
[18.335s] In file included from [01m[K/opt/ros/humble/include/rclcpp/rclcpp/client.hpp:40[m[K,
[18.336s]                  from [01m[K/opt/ros/humble/include/rclcpp/rclcpp/callback_group.hpp:24[m[K,
[18.336s]                  from [01m[K/opt/ros/humble/include/rclcpp/rclcpp/any_executable.hpp:20[m[K,
[18.336s]                  from [01m[K/opt/ros/humble/include/rclcpp/rclcpp/memory_strategy.hpp:25[m[K,
[18.336s]                  from [01m[K/opt/ros/humble/include/rclcpp/rclcpp/memory_strategies.hpp:18[m[K,
[18.336s]                  from [01m[K/opt/ros/humble/include/rclcpp/rclcpp/executor_options.hpp:20[m[K,
[18.336s]                  from [01m[K/opt/ros/humble/include/rclcpp/rclcpp/executor.hpp:37[m[K,
[18.336s]                  from [01m[K/opt/ros/humble/include/rclcpp/rclcpp/executors/multi_threaded_executor.hpp:25[m[K,
[18.336s]                  from [01m[K/opt/ros/humble/include/rclcpp/rclcpp/executors.hpp:21[m[K,
[18.336s]                  from [01m[K/opt/ros/humble/include/rclcpp/rclcpp/rclcpp.hpp:155[m[K,
[18.336s]                  from [01m[K/opt/ros/humble/include/gazebo_ros/node.hpp:18[m[K,
[18.337s]                  from [01m[K/home/dev/gazebo-tutorials/gazebo-drone-ros/src/box_camera/src/boxCameraPlugin.cpp:2[m[K:
[18.337s] [01m[K/home/dev/gazebo-tutorials/gazebo-drone-ros/src/box_camera/src/boxCameraPlugin.cpp:[m[K In constructor â€˜[01m[Kgazebo::BoxCameraPlugin::BoxCameraPlugin()[m[Kâ€™:
[18.337s] [01m[K/home/dev/gazebo-tutorials/gazebo-drone-ros/src/box_camera/src/boxCameraPlugin.cpp:37:27:[m[K [01;31m[Kerror: [m[Kâ€˜[01m[Kclass gazebo::BoxCameraPlugin[m[Kâ€™ has no member named â€˜[01m[Kget_logger[m[Kâ€™
[18.337s]    37 |         RCLCPP_INFO(this->[01;31m[Kget_logger[m[K(), "Ros2 Logger Done");
[18.337s]       |                           [01;31m[K^~~~~~~~~~[m[K
[18.337s] [01m[K/home/dev/gazebo-tutorials/gazebo-drone-ros/src/box_camera/src/boxCameraPlugin.cpp:37:27:[m[K [01;31m[Kerror: [m[Kâ€˜[01m[Kclass gazebo::BoxCameraPlugin[m[Kâ€™ has no member named â€˜[01m[Kget_logger[m[Kâ€™
[18.337s] [01m[K/home/dev/gazebo-tutorials/gazebo-drone-ros/src/box_camera/src/boxCameraPlugin.cpp:37:9:[m[K [01;31m[Kerror: [m[Ktemplate argument 1 is invalid
[18.337s]    37 |         [01;31m[KRCLCPP_INFO[m[K(this->get_logger(), "Ros2 Logger Done");
[18.337s]       |         [01;31m[K^~~~~~~~~~~[m[K
[18.337s] [01m[K/home/dev/gazebo-tutorials/gazebo-drone-ros/src/box_camera/src/boxCameraPlugin.cpp:37:9:[m[K [01;31m[Kerror: [m[Kâ€˜[01m[K<declaration error>[m[Kâ€™ is not a template [[01;31m[K]8;;https://gcc.gnu.org/onlinedocs/gcc/Warning-Options.html#index-fpermissive-fpermissive]8;;[m[K]
[18.337s]    37 |         [01;31m[KRCLCPP_INFO[m[K(this->get_logger(), "Ros2 Logger Done");
[18.337s]       |         [01;31m[K^~~~~~~~~~~[m[K
[18.338s] [01m[K/home/dev/gazebo-tutorials/gazebo-drone-ros/src/box_camera/src/boxCameraPlugin.cpp:37:9:[m[K [01;31m[Kerror: [m[Ktemplate argument 1 is invalid
[18.338s]    37 |         [01;31m[KRCLCPP_INFO[m[K(this->get_logger(), "Ros2 Logger Done");
[18.338s]       |         [01;31m[K^~~~~~~~~~~[m[K
[18.338s] [01m[K/home/dev/gazebo-tutorials/gazebo-drone-ros/src/box_camera/src/boxCameraPlugin.cpp:37:9:[m[K [01;31m[Kerror: [m[Kâ€˜[01m[K<declaration error>[m[Kâ€™ is not a template [[01;31m[K]8;;https://gcc.gnu.org/onlinedocs/gcc/Warning-Options.html#index-fpermissive-fpermissive]8;;[m[K]
[18.338s]    37 |         [01;31m[KRCLCPP_INFO[m[K(this->get_logger(), "Ros2 Logger Done");
[18.338s]       |         [01;31m[K^~~~~~~~~~~[m[K
[18.338s] [01m[K/home/dev/gazebo-tutorials/gazebo-drone-ros/src/box_camera/src/boxCameraPlugin.cpp:37:9:[m[K [01;31m[Kerror: [m[Ktemplate argument 1 is invalid
[18.338s]    37 |         [01;31m[KRCLCPP_INFO[m[K(this->get_logger(), "Ros2 Logger Done");
[18.338s]       |         [01;31m[K^~~~~~~~~~~[m[K
[18.338s] In file included from [01m[K/opt/ros/humble/include/rclcpp/rclcpp/logging.hpp:24[m[K,
[18.338s]                  from [01m[K/opt/ros/humble/include/rclcpp/rclcpp/client.hpp:40[m[K,
[18.338s]                  from [01m[K/opt/ros/humble/include/rclcpp/rclcpp/callback_group.hpp:24[m[K,
[18.338s]                  from [01m[K/opt/ros/humble/include/rclcpp/rclcpp/any_executable.hpp:20[m[K,
[18.339s]                  from [01m[K/opt/ros/humble/include/rclcpp/rclcpp/memory_strategy.hpp:25[m[K,
[18.339s]                  from [01m[K/opt/ros/humble/include/rclcpp/rclcpp/memory_strategies.hpp:18[m[K,
[18.339s]                  from [01m[K/opt/ros/humble/include/rclcpp/rclcpp/executor_options.hpp:20[m[K,
[18.339s]                  from [01m[K/opt/ros/humble/include/rclcpp/rclcpp/executor.hpp:37[m[K,
[18.339s]                  from [01m[K/opt/ros/humble/include/rclcpp/rclcpp/executors/multi_threaded_executor.hpp:25[m[K,
[18.339s]                  from [01m[K/opt/ros/humble/include/rclcpp/rclcpp/executors.hpp:21[m[K,
[18.339s]                  from [01m[K/opt/ros/humble/include/rclcpp/rclcpp/rclcpp.hpp:155[m[K,
[18.339s]                  from [01m[K/opt/ros/humble/include/gazebo_ros/node.hpp:18[m[K,
[18.339s]                  from [01m[K/home/dev/gazebo-tutorials/gazebo-drone-ros/src/box_camera/src/boxCameraPlugin.cpp:2[m[K:
[18.339s] [01m[K/home/dev/gazebo-tutorials/gazebo-drone-ros/src/box_camera/src/boxCameraPlugin.cpp:37:27:[m[K [01;31m[Kerror: [m[Kâ€˜[01m[Kclass gazebo::BoxCameraPlugin[m[Kâ€™ has no member named â€˜[01m[Kget_logger[m[Kâ€™
[18.339s]    37 |         RCLCPP_INFO(this->[01;31m[Kget_logger[m[K(), "Ros2 Logger Done");
[18.339s]       |                           [01;31m[K^~~~~~~~~~[m[K
[18.339s] [01m[K/home/dev/gazebo-tutorials/gazebo-drone-ros/src/box_camera/src/boxCameraPlugin.cpp:37:27:[m[K [01;31m[Kerror: [m[Kâ€˜[01m[Kclass gazebo::BoxCameraPlugin[m[Kâ€™ has no member named â€˜[01m[Kget_logger[m[Kâ€™
[18.340s]    37 |         RCLCPP_INFO(this->[01;31m[Kget_logger[m[K(), "Ros2 Logger Done");
[18.340s]       |                           [01;31m[K^~~~~~~~~~[m[K
[20.069s] gmake[2]: *** [CMakeFiles/box_camera_plugin.dir/build.make:76: CMakeFiles/box_camera_plugin.dir/src/boxCameraPlugin.cpp.o] Error 1
[20.069s] gmake[1]: *** [CMakeFiles/Makefile2:137: CMakeFiles/box_camera_plugin.dir/all] Error 2
[20.069s] gmake: *** [Makefile:146: all] Error 2
[20.071s] Invoked command in '/home/dev/gazebo-tutorials/gazebo-drone-ros/build/box_camera' returned '2': AMENT_PREFIX_PATH=/home/dev/gazebo-tutorials/gazebo-drone-ros/install/cam_interface:${AMENT_PREFIX_PATH} CMAKE_PREFIX_PATH=/home/dev/gazebo-tutorials/gazebo-drone-ros/install/cam_interface:/opt/ros/humble LD_LIBRARY_PATH=/home/dev/gazebo-tutorials/gazebo-drone-ros/install/cam_interface/lib:${LD_LIBRARY_PATH} PYTHONPATH=/home/dev/gazebo-tutorials/gazebo-drone-ros/install/cam_interface/local/lib/python3.10/dist-packages:${PYTHONPATH} /usr/bin/cmake --build /home/dev/gazebo-tutorials/gazebo-drone-ros/build/box_camera -- -j4 -l4
