[0.074s] Invoking command in '/home/dev/gazebo-tutorials/gazebo-drone-ros/build/box_camera': AMENT_PREFIX_PATH=/home/dev/gazebo-tutorials/gazebo-drone-ros/install/cam_interface:${AMENT_PREFIX_PATH} CMAKE_PREFIX_PATH=/home/dev/gazebo-tutorials/gazebo-drone-ros/install/cam_interface:/opt/ros/humble LD_LIBRARY_PATH=/home/dev/gazebo-tutorials/gazebo-drone-ros/install/cam_interface/lib:${LD_LIBRARY_PATH} PYTHONPATH=/home/dev/gazebo-tutorials/gazebo-drone-ros/install/cam_interface/local/lib/python3.10/dist-packages:${PYTHONPATH} /usr/bin/cmake --build /home/dev/gazebo-tutorials/gazebo-drone-ros/build/box_camera -- -j4 -l4
[0.153s] [35m[1mConsolidate compiler generated dependencies of target box_camera_plugin[0m
[0.202s] [ 50%] [32mBuilding CXX object CMakeFiles/box_camera_plugin.dir/src/boxCameraPlugin.cpp.o[0m
[6.397s] In file included from [01m[K/home/dev/gazebo-tutorials/gazebo-drone-ros/src/box_camera/src/boxCameraPlugin.cpp:1[m[K:
[6.398s] [01m[K/home/dev/gazebo-tutorials/gazebo-drone-ros/src/box_camera/include/boxCamera/boxCameraPlugin.hpp:26:31:[m[K [01;31m[Kerror: [m[Kâ€˜[01m[Kcam_interface[m[Kâ€™ was not declared in this scope; did you mean â€˜[01m[Krcl_interfaces[m[Kâ€™?
[6.398s]    26 |             rclcpp::Publisher<[01;31m[Kcam_interface[m[K::msg::Pixel>::SharedPtr cam_publisher;
[6.398s]       |                               [01;31m[K^~~~~~~~~~~~~[m[K
[6.398s]       |                               [32m[Krcl_interfaces[m[K
[6.398s] [01m[K/home/dev/gazebo-tutorials/gazebo-drone-ros/src/box_camera/include/boxCamera/boxCameraPlugin.hpp:26:56:[m[K [01;31m[Kerror: [m[Ktemplate argument 1 is invalid
[6.398s]    26 |             rclcpp::Publisher<cam_interface::msg::Pixel[01;31m[K>[m[K::SharedPtr cam_publisher;
[6.398s]       |                                                        [01;31m[K^[m[K
[6.398s] [01m[K/home/dev/gazebo-tutorials/gazebo-drone-ros/src/box_camera/include/boxCamera/boxCameraPlugin.hpp:26:59:[m[K [01;31m[Kerror: [m[Kexpected â€˜[01m[K;[m[Kâ€™ at end of member declaration
[6.398s]    26 |             rclcpp::Publisher<cam_interface::msg::Pixel>::[01;31m[KSharedPtr[m[K cam_publisher;
[6.398s]       |                                                           [01;31m[K^~~~~~~~~[m[K
[6.398s]       |                                                                    [32m[K;[m[K
[6.407s] [01m[K/home/dev/gazebo-tutorials/gazebo-drone-ros/src/box_camera/include/boxCamera/boxCameraPlugin.hpp:26:69:[m[K [01;31m[Kerror: [m[Kâ€˜[01m[Kcam_publisher[m[Kâ€™ does not name a type; did you mean â€˜[01m[Krmw_publisher_t[m[Kâ€™?
[6.408s]    26 |             rclcpp::Publisher<cam_interface::msg::Pixel>::SharedPtr [01;31m[Kcam_publisher[m[K;
[6.408s]       |                                                                     [01;31m[K^~~~~~~~~~~~~[m[K
[6.408s]       |                                                                     [32m[Krmw_publisher_t[m[K
[11.099s] [01m[K/home/dev/gazebo-tutorials/gazebo-drone-ros/src/box_camera/src/boxCameraPlugin.cpp:[m[K In constructor â€˜[01m[Kgazebo::BoxCameraPlugin::BoxCameraPlugin()[m[Kâ€™:
[11.099s] [01m[K/home/dev/gazebo-tutorials/gazebo-drone-ros/src/box_camera/src/boxCameraPlugin.cpp:33:89:[m[K [01;31m[Kerror: [m[Kno matching function for call to â€˜[01m[Krclcpp::Node::Node()[m[Kâ€™
[11.100s]    33 |     BoxCameraPlugin::BoxCameraPlugin(): impl_(std::make_unique<BoxCameraPluginPrivate>()[01;31m[K)[m[K{
[11.100s]       |                                                                                         [01;31m[K^[m[K
[11.100s] In file included from [01m[K/opt/ros/humble/include/rclcpp/rclcpp/executors/single_threaded_executor.hpp:28[m[K,
[11.100s]                  from [01m[K/opt/ros/humble/include/rclcpp/rclcpp/executors.hpp:22[m[K,
[11.100s]                  from [01m[K/opt/ros/humble/include/rclcpp/rclcpp/rclcpp.hpp:155[m[K,
[11.100s]                  from [01m[K/home/dev/gazebo-tutorials/gazebo-drone-ros/src/box_camera/include/boxCamera/boxCameraPlugin.hpp:5[m[K,
[11.100s]                  from [01m[K/home/dev/gazebo-tutorials/gazebo-drone-ros/src/box_camera/src/boxCameraPlugin.cpp:1[m[K:
[11.100s] [01m[K/opt/ros/humble/include/rclcpp/rclcpp/node.hpp:1294:3:[m[K [01;36m[Knote: [m[Kcandidate: â€˜[01m[Krclcpp::Node::Node(const rclcpp::Node&, const string&)[m[Kâ€™
[11.100s]  1294 |   [01;36m[KNode[m[K(
[11.100s]       |   [01;36m[K^~~~[m[K
[11.101s] [01m[K/opt/ros/humble/include/rclcpp/rclcpp/node.hpp:1294:3:[m[K [01;36m[Knote: [m[K  candidate expects 2 arguments, 0 provided
[11.101s] [01m[K/opt/ros/humble/include/rclcpp/rclcpp/node.hpp:101:12:[m[K [01;36m[Knote: [m[Kcandidate: â€˜[01m[Krclcpp::Node::Node(const string&, const string&, const rclcpp::NodeOptions&)[m[Kâ€™
[11.101s]   101 |   explicit [01;36m[KNode[m[K(
[11.101s]       |            [01;36m[K^~~~[m[K
[11.101s] [01m[K/opt/ros/humble/include/rclcpp/rclcpp/node.hpp:101:12:[m[K [01;36m[Knote: [m[K  candidate expects 3 arguments, 0 provided
[11.101s] [01m[K/opt/ros/humble/include/rclcpp/rclcpp/node.hpp:89:12:[m[K [01;36m[Knote: [m[Kcandidate: â€˜[01m[Krclcpp::Node::Node(const string&, const rclcpp::NodeOptions&)[m[Kâ€™
[11.101s]    89 |   explicit [01;36m[KNode[m[K(
[11.101s]       |            [01;36m[K^~~~[m[K
[11.101s] [01m[K/opt/ros/humble/include/rclcpp/rclcpp/node.hpp:89:12:[m[K [01;36m[Knote: [m[K  candidate expects 2 arguments, 0 provided
[11.132s] [01m[K/home/dev/gazebo-tutorials/gazebo-drone-ros/src/box_camera/src/boxCameraPlugin.cpp:35:9:[m[K [01;31m[Kerror: [m[Kâ€˜[01m[Kcam_publisher[m[Kâ€™ was not declared in this scope; did you mean â€˜[01m[Kcreate_publisher[m[Kâ€™?
[11.132s]    35 |         [01;31m[Kcam_publisher[m[K = this->create_publisher<cam_interface::msg::Pixel>("/sai_custom_plugin/data", 10);
[11.132s]       |         [01;31m[K^~~~~~~~~~~~~[m[K
[11.132s]       |         [32m[Kcreate_publisher[m[K
[13.185s] gmake[2]: *** [CMakeFiles/box_camera_plugin.dir/build.make:76: CMakeFiles/box_camera_plugin.dir/src/boxCameraPlugin.cpp.o] Error 1
[13.186s] gmake[1]: *** [CMakeFiles/Makefile2:137: CMakeFiles/box_camera_plugin.dir/all] Error 2
[13.186s] gmake: *** [Makefile:146: all] Error 2
[13.188s] Invoked command in '/home/dev/gazebo-tutorials/gazebo-drone-ros/build/box_camera' returned '2': AMENT_PREFIX_PATH=/home/dev/gazebo-tutorials/gazebo-drone-ros/install/cam_interface:${AMENT_PREFIX_PATH} CMAKE_PREFIX_PATH=/home/dev/gazebo-tutorials/gazebo-drone-ros/install/cam_interface:/opt/ros/humble LD_LIBRARY_PATH=/home/dev/gazebo-tutorials/gazebo-drone-ros/install/cam_interface/lib:${LD_LIBRARY_PATH} PYTHONPATH=/home/dev/gazebo-tutorials/gazebo-drone-ros/install/cam_interface/local/lib/python3.10/dist-packages:${PYTHONPATH} /usr/bin/cmake --build /home/dev/gazebo-tutorials/gazebo-drone-ros/build/box_camera -- -j4 -l4
